[2025-10-16T19:44:08.552+0000] {local_task_job_runner.py:120} INFO - ::group::Pre task execution logs
[2025-10-16T19:44:08.587+0000] {taskinstance.py:2073} INFO - Dependencies all met for dep_context=non-requeueable deps ti=<TaskInstance: OpenFlightsDataIngestion.group_routes.copy_via_ssh_routes manual__2025-10-16T19:43:50.755150+00:00 [queued]>
[2025-10-16T19:44:08.601+0000] {taskinstance.py:2073} INFO - Dependencies all met for dep_context=requeueable deps ti=<TaskInstance: OpenFlightsDataIngestion.group_routes.copy_via_ssh_routes manual__2025-10-16T19:43:50.755150+00:00 [queued]>
[2025-10-16T19:44:08.602+0000] {taskinstance.py:2303} INFO - Starting attempt 1 of 1
[2025-10-16T19:44:08.624+0000] {taskinstance.py:2327} INFO - Executing <Task(SFTPOperator): group_routes.copy_via_ssh_routes> on 2025-10-16 19:43:50.755150+00:00
[2025-10-16T19:44:08.635+0000] {warnings.py:110} WARNING - /home/***/.local/lib/python3.12/site-packages/***/task/task_runner/standard_task_runner.py:61: DeprecationWarning: This process (pid=1213) is multi-threaded, use of fork() may lead to deadlocks in the child.
  pid = os.fork()

[2025-10-16T19:44:08.638+0000] {standard_task_runner.py:63} INFO - Started process 1275 to run task
[2025-10-16T19:44:08.638+0000] {standard_task_runner.py:90} INFO - Running: ['***', 'tasks', 'run', 'OpenFlightsDataIngestion', 'group_routes.copy_via_ssh_routes', 'manual__2025-10-16T19:43:50.755150+00:00', '--job-id', '240', '--raw', '--subdir', 'DAGS_FOLDER/openflights_dag.py', '--cfg-path', '/tmp/tmp2la3bziy']
[2025-10-16T19:44:08.642+0000] {standard_task_runner.py:91} INFO - Job 240: Subtask group_routes.copy_via_ssh_routes
[2025-10-16T19:44:08.719+0000] {task_command.py:426} INFO - Running <TaskInstance: OpenFlightsDataIngestion.group_routes.copy_via_ssh_routes manual__2025-10-16T19:43:50.755150+00:00 [running]> on host e6b42f39be87
[2025-10-16T19:44:08.861+0000] {taskinstance.py:2644} INFO - Exporting env vars: AIRFLOW_CTX_DAG_OWNER='***' AIRFLOW_CTX_DAG_ID='OpenFlightsDataIngestion' AIRFLOW_CTX_TASK_ID='group_routes.copy_via_ssh_routes' AIRFLOW_CTX_EXECUTION_DATE='2025-10-16T19:43:50.755150+00:00' AIRFLOW_CTX_TRY_NUMBER='1' AIRFLOW_CTX_DAG_RUN_ID='manual__2025-10-16T19:43:50.755150+00:00'
[2025-10-16T19:44:08.865+0000] {taskinstance.py:430} INFO - ::endgroup::
[2025-10-16T19:44:08.865+0000] {sftp.py:158} INFO - sftp_hook/ssh_hook not provided or invalid. Trying ssh_conn_id to create SFTPHook.
[2025-10-16T19:44:08.880+0000] {base.py:84} INFO - Using connection ID 'mariadb_ssh_connection' for task execution.
[2025-10-16T19:44:08.881+0000] {ssh.py:301} WARNING - No Host Key Verification. This won't protect against Man-In-The-Middle attacks
[2025-10-16T19:44:08.909+0000] {transport.py:1909} INFO - Connected (version 2.0, client OpenSSH_8.0)
[2025-10-16T19:44:09.051+0000] {transport.py:1909} INFO - Authentication (password) successful!
[2025-10-16T19:44:09.195+0000] {sftp.py:169} INFO - [chan 0] Opened sftp connection (server version 3)
[2025-10-16T19:44:09.204+0000] {sftp.py:222} INFO - Creating /home/***_ssh
[2025-10-16T19:44:09.208+0000] {taskinstance.py:441} INFO - ::group::Post task execution logs
[2025-10-16T19:44:09.223+0000] {taskinstance.py:2890} ERROR - Task failed with exception
Traceback (most recent call last):
  File "/home/airflow/.local/lib/python3.12/site-packages/airflow/providers/sftp/operators/sftp.py", line 185, in execute
    self.sftp_hook.create_directory(remote_folder)
  File "/home/airflow/.local/lib/python3.12/site-packages/airflow/providers/sftp/hooks/sftp.py", line 220, in create_directory
    self.create_directory(dirname, mode)
  File "/home/airflow/.local/lib/python3.12/site-packages/airflow/providers/sftp/hooks/sftp.py", line 223, in create_directory
    conn.mkdir(path, mode=mode)
  File "/home/airflow/.local/lib/python3.12/site-packages/paramiko/sftp_client.py", line 460, in mkdir
    self._request(CMD_MKDIR, path, attr)
  File "/home/airflow/.local/lib/python3.12/site-packages/paramiko/sftp_client.py", line 857, in _request
    return self._read_response(num)
           ^^^^^^^^^^^^^^^^^^^^^^^^
  File "/home/airflow/.local/lib/python3.12/site-packages/paramiko/sftp_client.py", line 909, in _read_response
    self._convert_status(msg)
  File "/home/airflow/.local/lib/python3.12/site-packages/paramiko/sftp_client.py", line 942, in _convert_status
    raise IOError(text)
OSError: Failure

During handling of the above exception, another exception occurred:

Traceback (most recent call last):
  File "/home/airflow/.local/lib/python3.12/site-packages/airflow/models/taskinstance.py", line 465, in _execute_task
    result = _execute_callable(context=context, **execute_callable_kwargs)
             ^^^^^^^^^^^^^^^^^^^^^^^^^^^^^^^^^^^^^^^^^^^^^^^^^^^^^^^^^^^^^
  File "/home/airflow/.local/lib/python3.12/site-packages/airflow/models/taskinstance.py", line 432, in _execute_callable
    return execute_callable(context=context, **execute_callable_kwargs)
           ^^^^^^^^^^^^^^^^^^^^^^^^^^^^^^^^^^^^^^^^^^^^^^^^^^^^^^^^^^^^
  File "/home/airflow/.local/lib/python3.12/site-packages/airflow/models/baseoperator.py", line 400, in wrapper
    return func(self, *args, **kwargs)
           ^^^^^^^^^^^^^^^^^^^^^^^^^^^
  File "/home/airflow/.local/lib/python3.12/site-packages/airflow/providers/sftp/operators/sftp.py", line 191, in execute
    raise AirflowException(f"Error while transferring {file_msg}, error: {e}")
airflow.exceptions.AirflowException: Error while transferring None, error: Failure
[2025-10-16T19:44:09.233+0000] {taskinstance.py:1205} INFO - Marking task as FAILED. dag_id=OpenFlightsDataIngestion, task_id=group_routes.copy_via_ssh_routes, execution_date=20251016T194350, start_date=20251016T194408, end_date=20251016T194409
[2025-10-16T19:44:09.253+0000] {standard_task_runner.py:110} ERROR - Failed to execute job 240 for task group_routes.copy_via_ssh_routes (Error while transferring None, error: Failure; 1275)
[2025-10-16T19:44:09.279+0000] {local_task_job_runner.py:240} INFO - Task exited with return code 1
[2025-10-16T19:44:09.330+0000] {taskinstance.py:3482} INFO - 0 downstream tasks scheduled from follow-on schedule check
[2025-10-16T19:44:09.337+0000] {local_task_job_runner.py:222} INFO - ::endgroup::
